\BOOKMARK [1][-]{section.1}{\376\377\000I\000n\000t\000r\000o\000d\000u\000c\000t\000i\000o\000n}{}% 1
\BOOKMARK [2][-]{subsection.1.1}{\376\377\000K\000e\000y\000\040\000C\000o\000n\000t\000r\000i\000b\000u\000t\000o\000n\000s}{section.1}% 2
\BOOKMARK [1][-]{section.2}{\376\377\000S\000y\000s\000t\000e\000m\000\040\000A\000r\000c\000h\000i\000t\000e\000c\000t\000u\000r\000e}{}% 3
\BOOKMARK [2][-]{subsection.2.1}{\376\377\000H\000a\000r\000d\000w\000a\000r\000e\000\040\000S\000e\000t\000u\000p}{section.2}% 4
\BOOKMARK [2][-]{subsection.2.2}{\376\377\000S\000o\000f\000t\000w\000a\000r\000e\000\040\000O\000v\000e\000r\000v\000i\000e\000w}{section.2}% 5
\BOOKMARK [1][-]{section.3}{\376\377\000S\000i\000g\000n\000a\000l\000\040\000P\000r\000o\000c\000e\000s\000s\000i\000n\000g}{}% 6
\BOOKMARK [2][-]{subsection.3.1}{\376\377\000T\000h\000r\000e\000s\000h\000o\000l\000d\000\040\000T\000u\000n\000i\000n\000g}{section.3}% 7
\BOOKMARK [1][-]{section.4}{\376\377\000V\000e\000h\000i\000c\000l\000e\000\040\000C\000o\000n\000t\000r\000o\000l}{}% 8
\BOOKMARK [2][-]{subsection.4.1}{\376\377\000E\000S\000P\0003\0002\000\040\000F\000i\000r\000m\000w\000a\000r\000e\000\040\000O\000p\000e\000r\000a\000t\000i\000o\000n}{section.4}% 9
\BOOKMARK [2][-]{subsection.4.2}{\376\377\000T\000u\000r\000n\000\040\000D\000u\000r\000a\000t\000i\000o\000n}{section.4}% 10
\BOOKMARK [1][-]{section.5}{\376\377\000R\000e\000s\000u\000l\000t\000s\000\040\000a\000n\000d\000\040\000D\000i\000s\000c\000u\000s\000s\000i\000o\000n}{}% 11
\BOOKMARK [2][-]{subsection.5.1}{\376\377\000M\000u\000l\000t\000i\000-\000S\000p\000e\000a\000k\000e\000r\000\040\000E\000v\000a\000l\000u\000a\000t\000i\000o\000n}{section.5}% 12
\BOOKMARK [2][-]{subsection.5.2}{\376\377\000C\000r\000o\000s\000s\000-\000L\000a\000n\000g\000u\000a\000g\000e\000\040\000E\000v\000a\000l\000u\000a\000t\000i\000o\000n}{section.5}% 13
\BOOKMARK [2][-]{subsection.5.3}{\376\377\000L\000i\000m\000i\000t\000a\000t\000i\000o\000n\000s}{section.5}% 14
\BOOKMARK [1][-]{section.6}{\376\377\000C\000o\000n\000c\000l\000u\000s\000i\000o\000n\000s}{}% 15
\BOOKMARK [1][-]{section*.1}{\376\377\000R\000e\000f\000e\000r\000e\000n\000c\000e\000s}{}% 16
\BOOKMARK [1][-]{section*.2}{\376\377\000A\000p\000p\000e\000n\000d\000i\000x}{}% 17
\BOOKMARK [2][-]{subsection.Appendix.A.1}{\376\377\000E\000S\000P\0003\0002\000\040\000F\000i\000r\000m\000w\000a\000r\000e}{section*.2}% 18
\BOOKMARK [2][-]{subsection.Appendix.A.2}{\376\377\000E\000S\000P\000\040\000F\000i\000r\000m\000w\000a\000r\000e\000\040\000I\000m\000p\000l\000e\000m\000e\000n\000t\000a\000t\000i\000o\000n\000\040\000D\000e\000t\000a\000i\000l}{section*.2}% 19
\BOOKMARK [2][-]{subsection.Appendix.A.3}{\376\377\000A\000n\000d\000r\000o\000i\000d\000\040\000A\000p\000p\000l\000i\000c\000a\000t\000i\000o\000n}{section*.2}% 20
\BOOKMARK [2][-]{subsection.Appendix.A.4}{\376\377\000F\000i\000r\000s\000t\000-\000T\000i\000m\000e\000\040\000S\000e\000t\000u\000p\000\040\000o\000n\000\040\000t\000h\000e\000\040\000P\000h\000o\000n\000e}{section*.2}% 21
\BOOKMARK [2][-]{subsection.Appendix.A.5}{\376\377\000T\000r\000o\000u\000b\000l\000e\000s\000h\000o\000o\000t\000i\000n\000g}{section*.2}% 22
\BOOKMARK [2][-]{subsection.Appendix.A.6}{\376\377\000A\000n\000d\000r\000o\000i\000d\000\040\000A\000p\000p\000l\000i\000c\000a\000t\000i\000o\000n\000\040\000W\000o\000r\000k\000i\000n\000g}{section*.2}% 23
